vscode ➜ /workspaces/VulHunter/VulHunter (main) $ python3 main/main.py --train-labels input/cgt_final_labels.json --contract-instances input/cgt_final_instances.json --model-dir model_train --detectors reentrancy-eth
Trainning the detection models...
train_labels  input/cgt_final_labels.json
contract_instances  input/cgt_final_instances.json
model_dir  model_train
reentrancy-eth working!
train_bytecode 504
test_bytecode 129
train_label 504
test_label 129
data length:
504
504
129
129
data load successfully!
Trainset subitem len :4989
Testset subitem len :1278
/usr/local/lib/python3.8/site-packages/torch/cuda/amp/grad_scaler.py:115: UserWarning: torch.cuda.amp.GradScaler is enabled, but CUDA is not available.  Disabling.
  warnings.warn("torch.cuda.amp.GradScaler is enabled, but CUDA is not available.  Disabling.")
/usr/local/lib/python3.8/site-packages/torch/autocast_mode.py:141: UserWarning: User provided device_type of 'cuda', but CUDA is not available. Disabling
  warnings.warn('User provided device_type of \'cuda\', but CUDA is not available. Disabling')
update data
end of predict
data length: 3649
ceshi!
update datasets maker
test datasets
/usr/local/lib/python3.8/site-packages/sklearn/metrics/_classification.py:1318: UndefinedMetricWarning: Precision is ill-defined and being set to 0.0 due to no predicted samples. Use `zero_division` parameter to control this behavior.
  _warn_prf(average, modifier, msg_start, len(result))
Epoch 0 training time: 273.81 seconds
0 Accuracy on test set: 0.6666666666666666, recall: 0.0, precision: 0.0, f1: 0.0
model save model_train!
Best accuracy on test set, epoch: 0, accuracy: 0.6666666666666666, recall: 0.0, precision: 0.0, f1: 0.0
/usr/local/lib/python3.8/site-packages/torch/cuda/amp/grad_scaler.py:115: UserWarning: torch.cuda.amp.GradScaler is enabled, but CUDA is not available.  Disabling.
  warnings.warn("torch.cuda.amp.GradScaler is enabled, but CUDA is not available.  Disabling.")
/usr/local/lib/python3.8/site-packages/torch/autocast_mode.py:141: UserWarning: User provided device_type of 'cuda', but CUDA is not available. Disabling
  warnings.warn('User provided device_type of \'cuda\', but CUDA is not available. Disabling')
update data
end of predict
data length: 3649
ceshi!
update datasets maker
test datasets
/usr/local/lib/python3.8/site-packages/sklearn/metrics/_classification.py:1318: UndefinedMetricWarning: Precision is ill-defined and being set to 0.0 due to no predicted samples. Use `zero_division` parameter to control this behavior.
  _warn_prf(average, modifier, msg_start, len(result))
Epoch 1 training time: 217.18 seconds
1 Accuracy on test set: 0.6666666666666666, recall: 0.0, precision: 0.0, f1: 0.0
model save model_train!
Best accuracy on test set, epoch: 1, accuracy: 0.6666666666666666, recall: 0.0, precision: 0.0, f1: 0.0
/usr/local/lib/python3.8/site-packages/torch/cuda/amp/grad_scaler.py:115: UserWarning: torch.cuda.amp.GradScaler is enabled, but CUDA is not available.  Disabling.
  warnings.warn("torch.cuda.amp.GradScaler is enabled, but CUDA is not available.  Disabling.")
/usr/local/lib/python3.8/site-packages/torch/autocast_mode.py:141: UserWarning: User provided device_type of 'cuda', but CUDA is not available. Disabling
  warnings.warn('User provided device_type of \'cuda\', but CUDA is not available. Disabling')
update data
end of predict
data length: 3649
ceshi!
update datasets maker
test datasets
/usr/local/lib/python3.8/site-packages/sklearn/metrics/_classification.py:1318: UndefinedMetricWarning: Precision is ill-defined and being set to 0.0 due to no predicted samples. Use `zero_division` parameter to control this behavior.
  _warn_prf(average, modifier, msg_start, len(result))
Epoch 2 training time: 215.41 seconds
2 Accuracy on test set: 0.6666666666666666, recall: 0.0, precision: 0.0, f1: 0.0
model save model_train!
Best accuracy on test set, epoch: 2, accuracy: 0.6666666666666666, recall: 0.0, precision: 0.0, f1: 0.0
/usr/local/lib/python3.8/site-packages/torch/cuda/amp/grad_scaler.py:115: UserWarning: torch.cuda.amp.GradScaler is enabled, but CUDA is not available.  Disabling.
  warnings.warn("torch.cuda.amp.GradScaler is enabled, but CUDA is not available.  Disabling.")
/usr/local/lib/python3.8/site-packages/torch/autocast_mode.py:141: UserWarning: User provided device_type of 'cuda', but CUDA is not available. Disabling
  warnings.warn('User provided device_type of \'cuda\', but CUDA is not available. Disabling')
update data
end of predict
data length: 3649
ceshi!
update datasets maker
test datasets
/usr/local/lib/python3.8/site-packages/sklearn/metrics/_classification.py:1318: UndefinedMetricWarning: Precision is ill-defined and being set to 0.0 due to no predicted samples. Use `zero_division` parameter to control this behavior.
  _warn_prf(average, modifier, msg_start, len(result))
Epoch 3 training time: 228.32 seconds
3 Accuracy on test set: 0.6666666666666666, recall: 0.0, precision: 0.0, f1: 0.0
model save model_train!
Best accuracy on test set, epoch: 3, accuracy: 0.6666666666666666, recall: 0.0, precision: 0.0, f1: 0.0
/usr/local/lib/python3.8/site-packages/torch/cuda/amp/grad_scaler.py:115: UserWarning: torch.cuda.amp.GradScaler is enabled, but CUDA is not available.  Disabling.
  warnings.warn("torch.cuda.amp.GradScaler is enabled, but CUDA is not available.  Disabling.")
/usr/local/lib/python3.8/site-packages/torch/autocast_mode.py:141: UserWarning: User provided device_type of 'cuda', but CUDA is not available. Disabling
  warnings.warn('User provided device_type of \'cuda\', but CUDA is not available. Disabling')
update data
end of predict
data length: 3649
ceshi!
update datasets maker
test datasets
/usr/local/lib/python3.8/site-packages/sklearn/metrics/_classification.py:1318: UndefinedMetricWarning: Precision is ill-defined and being set to 0.0 due to no predicted samples. Use `zero_division` parameter to control this behavior.
  _warn_prf(average, modifier, msg_start, len(result))
Epoch 4 training time: 227.72 seconds
4 Accuracy on test set: 0.6666666666666666, recall: 0.0, precision: 0.0, f1: 0.0
model save model_train!
Best accuracy on test set, epoch: 4, accuracy: 0.6666666666666666, recall: 0.0, precision: 0.0, f1: 0.0
/usr/local/lib/python3.8/site-packages/torch/cuda/amp/grad_scaler.py:115: UserWarning: torch.cuda.amp.GradScaler is enabled, but CUDA is not available.  Disabling.
  warnings.warn("torch.cuda.amp.GradScaler is enabled, but CUDA is not available.  Disabling.")
/usr/local/lib/python3.8/site-packages/torch/autocast_mode.py:141: UserWarning: User provided device_type of 'cuda', but CUDA is not available. Disabling
  warnings.warn('User provided device_type of \'cuda\', but CUDA is not available. Disabling')
update data
end of predict
data length: 3649
ceshi!
update datasets maker
test datasets
/usr/local/lib/python3.8/site-packages/sklearn/metrics/_classification.py:1318: UndefinedMetricWarning: Precision is ill-defined and being set to 0.0 due to no predicted samples. Use `zero_division` parameter to control this behavior.
  _warn_prf(average, modifier, msg_start, len(result))
Epoch 5 training time: 233.25 seconds
5 Accuracy on test set: 0.6666666666666666, recall: 0.0, precision: 0.0, f1: 0.0
model save model_train!
Best accuracy on test set, epoch: 5, accuracy: 0.6666666666666666, recall: 0.0, precision: 0.0, f1: 0.0
/usr/local/lib/python3.8/site-packages/torch/cuda/amp/grad_scaler.py:115: UserWarning: torch.cuda.amp.GradScaler is enabled, but CUDA is not available.  Disabling.
  warnings.warn("torch.cuda.amp.GradScaler is enabled, but CUDA is not available.  Disabling.")
/usr/local/lib/python3.8/site-packages/torch/autocast_mode.py:141: UserWarning: User provided device_type of 'cuda', but CUDA is not available. Disabling
  warnings.warn('User provided device_type of \'cuda\', but CUDA is not available. Disabling')
update data
end of predict
data length: 3649
ceshi!
update datasets maker
test datasets
/usr/local/lib/python3.8/site-packages/sklearn/metrics/_classification.py:1318: UndefinedMetricWarning: Precision is ill-defined and being set to 0.0 due to no predicted samples. Use `zero_division` parameter to control this behavior.
  _warn_prf(average, modifier, msg_start, len(result))
Epoch 6 training time: 245.91 seconds
6 Accuracy on test set: 0.6666666666666666, recall: 0.0, precision: 0.0, f1: 0.0
model save model_train!
Best accuracy on test set, epoch: 6, accuracy: 0.6666666666666666, recall: 0.0, precision: 0.0, f1: 0.0
/usr/local/lib/python3.8/site-packages/torch/cuda/amp/grad_scaler.py:115: UserWarning: torch.cuda.amp.GradScaler is enabled, but CUDA is not available.  Disabling.
  warnings.warn("torch.cuda.amp.GradScaler is enabled, but CUDA is not available.  Disabling.")
/usr/local/lib/python3.8/site-packages/torch/autocast_mode.py:141: UserWarning: User provided device_type of 'cuda', but CUDA is not available. Disabling
  warnings.warn('User provided device_type of \'cuda\', but CUDA is not available. Disabling')
update data
end of predict
data length: 3649
ceshi!
update datasets maker
test datasets
/usr/local/lib/python3.8/site-packages/sklearn/metrics/_classification.py:1318: UndefinedMetricWarning: Precision is ill-defined and being set to 0.0 due to no predicted samples. Use `zero_division` parameter to control this behavior.
  _warn_prf(average, modifier, msg_start, len(result))
Epoch 7 training time: 236.51 seconds
7 Accuracy on test set: 0.6666666666666666, recall: 0.0, precision: 0.0, f1: 0.0
model save model_train!
Best accuracy on test set, epoch: 7, accuracy: 0.6666666666666666, recall: 0.0, precision: 0.0, f1: 0.0
/usr/local/lib/python3.8/site-packages/torch/cuda/amp/grad_scaler.py:115: UserWarning: torch.cuda.amp.GradScaler is enabled, but CUDA is not available.  Disabling.
  warnings.warn("torch.cuda.amp.GradScaler is enabled, but CUDA is not available.  Disabling.")
/usr/local/lib/python3.8/site-packages/torch/autocast_mode.py:141: UserWarning: User provided device_type of 'cuda', but CUDA is not available. Disabling
  warnings.warn('User provided device_type of \'cuda\', but CUDA is not available. Disabling')
update data
end of predict
data length: 3649
ceshi!
update datasets maker
test datasets
/usr/local/lib/python3.8/site-packages/sklearn/metrics/_classification.py:1318: UndefinedMetricWarning: Precision is ill-defined and being set to 0.0 due to no predicted samples. Use `zero_division` parameter to control this behavior.
  _warn_prf(average, modifier, msg_start, len(result))
Epoch 8 training time: 228.69 seconds
8 Accuracy on test set: 0.6666666666666666, recall: 0.0, precision: 0.0, f1: 0.0
model save model_train!
Best accuracy on test set, epoch: 8, accuracy: 0.6666666666666666, recall: 0.0, precision: 0.0, f1: 0.0
/usr/local/lib/python3.8/site-packages/torch/cuda/amp/grad_scaler.py:115: UserWarning: torch.cuda.amp.GradScaler is enabled, but CUDA is not available.  Disabling.
  warnings.warn("torch.cuda.amp.GradScaler is enabled, but CUDA is not available.  Disabling.")
/usr/local/lib/python3.8/site-packages/torch/autocast_mode.py:141: UserWarning: User provided device_type of 'cuda', but CUDA is not available. Disabling
  warnings.warn('User provided device_type of \'cuda\', but CUDA is not available. Disabling')
update data
end of predict
data length: 3649
ceshi!
update datasets maker
test datasets
/usr/local/lib/python3.8/site-packages/sklearn/metrics/_classification.py:1318: UndefinedMetricWarning: Precision is ill-defined and being set to 0.0 due to no predicted samples. Use `zero_division` parameter to control this behavior.
  _warn_prf(average, modifier, msg_start, len(result))
Epoch 9 training time: 223.19 seconds
9 Accuracy on test set: 0.6666666666666666, recall: 0.0, precision: 0.0, f1: 0.0
model save model_train!
Best accuracy on test set, epoch: 9, accuracy: 0.6666666666666666, recall: 0.0, precision: 0.0, f1: 0.0
/usr/local/lib/python3.8/site-packages/torch/cuda/amp/grad_scaler.py:115: UserWarning: torch.cuda.amp.GradScaler is enabled, but CUDA is not available.  Disabling.
  warnings.warn("torch.cuda.amp.GradScaler is enabled, but CUDA is not available.  Disabling.")
/usr/local/lib/python3.8/site-packages/torch/autocast_mode.py:141: UserWarning: User provided device_type of 'cuda', but CUDA is not available. Disabling
  warnings.warn('User provided device_type of \'cuda\', but CUDA is not available. Disabling')
update data
end of predict
data length: 3649
ceshi!
update datasets maker
test datasets
Epoch 10 training time: 232.93 seconds
10 Accuracy on test set: 0.7209302325581395, recall: 0.16279069767441862, precision: 1.0, f1: 0.28
model save model_train!
Best accuracy on test set, epoch: 10, accuracy: 0.7209302325581395, recall: 0.16279069767441862, precision: 1.0, f1: 0.28
/usr/local/lib/python3.8/site-packages/torch/cuda/amp/grad_scaler.py:115: UserWarning: torch.cuda.amp.GradScaler is enabled, but CUDA is not available.  Disabling.
  warnings.warn("torch.cuda.amp.GradScaler is enabled, but CUDA is not available.  Disabling.")
/usr/local/lib/python3.8/site-packages/torch/autocast_mode.py:141: UserWarning: User provided device_type of 'cuda', but CUDA is not available. Disabling
  warnings.warn('User provided device_type of \'cuda\', but CUDA is not available. Disabling')
update data
end of predict
data length: 3649
ceshi!
update datasets maker
test datasets
Epoch 11 training time: 235.76 seconds
11 Accuracy on test set: 0.689922480620155, recall: 0.13953488372093023, precision: 0.6666666666666666, f1: 0.23076923076923078
Best accuracy on test set, epoch: 10, accuracy: 0.7209302325581395, recall: 0.16279069767441862, precision: 1.0, f1: 0.28
/usr/local/lib/python3.8/site-packages/torch/cuda/amp/grad_scaler.py:115: UserWarning: torch.cuda.amp.GradScaler is enabled, but CUDA is not available.  Disabling.
  warnings.warn("torch.cuda.amp.GradScaler is enabled, but CUDA is not available.  Disabling.")
/usr/local/lib/python3.8/site-packages/torch/autocast_mode.py:141: UserWarning: User provided device_type of 'cuda', but CUDA is not available. Disabling
  warnings.warn('User provided device_type of \'cuda\', but CUDA is not available. Disabling')
update data
end of predict
data length: 3649
ceshi!
update datasets maker
test datasets
/usr/local/lib/python3.8/site-packages/sklearn/metrics/_classification.py:1318: UndefinedMetricWarning: Precision is ill-defined and being set to 0.0 due to no predicted samples. Use `zero_division` parameter to control this behavior.
  _warn_prf(average, modifier, msg_start, len(result))
Epoch 12 training time: 233.74 seconds
12 Accuracy on test set: 0.6666666666666666, recall: 0.0, precision: 0.0, f1: 0.0
Best accuracy on test set, epoch: 10, accuracy: 0.7209302325581395, recall: 0.16279069767441862, precision: 1.0, f1: 0.28
/usr/local/lib/python3.8/site-packages/torch/cuda/amp/grad_scaler.py:115: UserWarning: torch.cuda.amp.GradScaler is enabled, but CUDA is not available.  Disabling.
  warnings.warn("torch.cuda.amp.GradScaler is enabled, but CUDA is not available.  Disabling.")
/usr/local/lib/python3.8/site-packages/torch/autocast_mode.py:141: UserWarning: User provided device_type of 'cuda', but CUDA is not available. Disabling
  warnings.warn('User provided device_type of \'cuda\', but CUDA is not available. Disabling')
update data
end of predict
data length: 3649
ceshi!
update datasets maker
test datasets
Epoch 13 training time: 224.08 seconds
13 Accuracy on test set: 0.689922480620155, recall: 0.06976744186046512, precision: 1.0, f1: 0.13043478260869565
Best accuracy on test set, epoch: 10, accuracy: 0.7209302325581395, recall: 0.16279069767441862, precision: 1.0, f1: 0.28
/usr/local/lib/python3.8/site-packages/torch/cuda/amp/grad_scaler.py:115: UserWarning: torch.cuda.amp.GradScaler is enabled, but CUDA is not available.  Disabling.
  warnings.warn("torch.cuda.amp.GradScaler is enabled, but CUDA is not available.  Disabling.")
/usr/local/lib/python3.8/site-packages/torch/autocast_mode.py:141: UserWarning: User provided device_type of 'cuda', but CUDA is not available. Disabling
  warnings.warn('User provided device_type of \'cuda\', but CUDA is not available. Disabling')
update data
end of predict
data length: 3649
ceshi!
update datasets maker
test datasets
Epoch 14 training time: 229.93 seconds
14 Accuracy on test set: 0.7131782945736435, recall: 0.13953488372093023, precision: 1.0, f1: 0.24489795918367346
Best accuracy on test set, epoch: 10, accuracy: 0.7209302325581395, recall: 0.16279069767441862, precision: 1.0, f1: 0.28
/usr/local/lib/python3.8/site-packages/torch/cuda/amp/grad_scaler.py:115: UserWarning: torch.cuda.amp.GradScaler is enabled, but CUDA is not available.  Disabling.
  warnings.warn("torch.cuda.amp.GradScaler is enabled, but CUDA is not available.  Disabling.")
/usr/local/lib/python3.8/site-packages/torch/autocast_mode.py:141: UserWarning: User provided device_type of 'cuda', but CUDA is not available. Disabling
  warnings.warn('User provided device_type of \'cuda\', but CUDA is not available. Disabling')
update data
end of predict
data length: 3649
ceshi!
update datasets maker
test datasets
Epoch 15 training time: 220.80 seconds
15 Accuracy on test set: 0.7441860465116279, recall: 0.23255813953488372, precision: 1.0, f1: 0.37735849056603776
model save model_train!
Best accuracy on test set, epoch: 15, accuracy: 0.7441860465116279, recall: 0.23255813953488372, precision: 1.0, f1: 0.37735849056603776
/usr/local/lib/python3.8/site-packages/torch/cuda/amp/grad_scaler.py:115: UserWarning: torch.cuda.amp.GradScaler is enabled, but CUDA is not available.  Disabling.
  warnings.warn("torch.cuda.amp.GradScaler is enabled, but CUDA is not available.  Disabling.")
/usr/local/lib/python3.8/site-packages/torch/autocast_mode.py:141: UserWarning: User provided device_type of 'cuda', but CUDA is not available. Disabling
  warnings.warn('User provided device_type of \'cuda\', but CUDA is not available. Disabling')
update data
end of predict
data length: 3649
ceshi!
update datasets maker
test datasets
Epoch 16 training time: 224.25 seconds
16 Accuracy on test set: 0.7751937984496124, recall: 0.3488372093023256, precision: 0.9375, f1: 0.5084745762711865
model save model_train!
Best accuracy on test set, epoch: 16, accuracy: 0.7751937984496124, recall: 0.3488372093023256, precision: 0.9375, f1: 0.5084745762711865
/usr/local/lib/python3.8/site-packages/torch/cuda/amp/grad_scaler.py:115: UserWarning: torch.cuda.amp.GradScaler is enabled, but CUDA is not available.  Disabling.
  warnings.warn("torch.cuda.amp.GradScaler is enabled, but CUDA is not available.  Disabling.")
/usr/local/lib/python3.8/site-packages/torch/autocast_mode.py:141: UserWarning: User provided device_type of 'cuda', but CUDA is not available. Disabling
  warnings.warn('User provided device_type of \'cuda\', but CUDA is not available. Disabling')
update data
end of predict
data length: 3649
ceshi!
update datasets maker
test datasets
Epoch 17 training time: 218.20 seconds
17 Accuracy on test set: 0.7829457364341085, recall: 0.37209302325581395, precision: 0.9411764705882353, f1: 0.5333333333333333
model save model_train!
Best accuracy on test set, epoch: 17, accuracy: 0.7829457364341085, recall: 0.37209302325581395, precision: 0.9411764705882353, f1: 0.5333333333333333
/usr/local/lib/python3.8/site-packages/torch/cuda/amp/grad_scaler.py:115: UserWarning: torch.cuda.amp.GradScaler is enabled, but CUDA is not available.  Disabling.
  warnings.warn("torch.cuda.amp.GradScaler is enabled, but CUDA is not available.  Disabling.")
/usr/local/lib/python3.8/site-packages/torch/autocast_mode.py:141: UserWarning: User provided device_type of 'cuda', but CUDA is not available. Disabling
  warnings.warn('User provided device_type of \'cuda\', but CUDA is not available. Disabling')
update data
end of predict
data length: 3649
ceshi!
update datasets maker
test datasets
/usr/local/lib/python3.8/site-packages/sklearn/metrics/_classification.py:1318: UndefinedMetricWarning: Precision is ill-defined and being set to 0.0 due to no predicted samples. Use `zero_division` parameter to control this behavior.
  _warn_prf(average, modifier, msg_start, len(result))
Epoch 18 training time: 228.73 seconds
18 Accuracy on test set: 0.6666666666666666, recall: 0.0, precision: 0.0, f1: 0.0
Best accuracy on test set, epoch: 17, accuracy: 0.7829457364341085, recall: 0.37209302325581395, precision: 0.9411764705882353, f1: 0.5333333333333333
/usr/local/lib/python3.8/site-packages/torch/cuda/amp/grad_scaler.py:115: UserWarning: torch.cuda.amp.GradScaler is enabled, but CUDA is not available.  Disabling.
  warnings.warn("torch.cuda.amp.GradScaler is enabled, but CUDA is not available.  Disabling.")
/usr/local/lib/python3.8/site-packages/torch/autocast_mode.py:141: UserWarning: User provided device_type of 'cuda', but CUDA is not available. Disabling
  warnings.warn('User provided device_type of \'cuda\', but CUDA is not available. Disabling')
update data
end of predict
data length: 3649
ceshi!
update datasets maker
test datasets
Epoch 19 training time: 238.43 seconds
19 Accuracy on test set: 0.7209302325581395, recall: 0.16279069767441862, precision: 1.0, f1: 0.28
Best accuracy on test set, epoch: 17, accuracy: 0.7829457364341085, recall: 0.37209302325581395, precision: 0.9411764705882353, f1: 0.5333333333333333
/usr/local/lib/python3.8/site-packages/torch/cuda/amp/grad_scaler.py:115: UserWarning: torch.cuda.amp.GradScaler is enabled, but CUDA is not available.  Disabling.
  warnings.warn("torch.cuda.amp.GradScaler is enabled, but CUDA is not available.  Disabling.")
/usr/local/lib/python3.8/site-packages/torch/autocast_mode.py:141: UserWarning: User provided device_type of 'cuda', but CUDA is not available. Disabling
  warnings.warn('User provided device_type of \'cuda\', but CUDA is not available. Disabling')
update data
end of predict
data length: 3649
ceshi!
update datasets maker
test datasets
Epoch 20 training time: 219.64 seconds
20 Accuracy on test set: 0.7751937984496124, recall: 0.3953488372093023, precision: 0.85, f1: 0.5396825396825397
Best accuracy on test set, epoch: 17, accuracy: 0.7829457364341085, recall: 0.37209302325581395, precision: 0.9411764705882353, f1: 0.5333333333333333
/usr/local/lib/python3.8/site-packages/torch/cuda/amp/grad_scaler.py:115: UserWarning: torch.cuda.amp.GradScaler is enabled, but CUDA is not available.  Disabling.
  warnings.warn("torch.cuda.amp.GradScaler is enabled, but CUDA is not available.  Disabling.")
/usr/local/lib/python3.8/site-packages/torch/autocast_mode.py:141: UserWarning: User provided device_type of 'cuda', but CUDA is not available. Disabling
  warnings.warn('User provided device_type of \'cuda\', but CUDA is not available. Disabling')
update data
end of predict
data length: 3649
ceshi!
update datasets maker
test datasets
Epoch 21 training time: 218.71 seconds
21 Accuracy on test set: 0.7829457364341085, recall: 0.3953488372093023, precision: 0.8947368421052632, f1: 0.5483870967741935
model save model_train!
Best accuracy on test set, epoch: 21, accuracy: 0.7829457364341085, recall: 0.3953488372093023, precision: 0.8947368421052632, f1: 0.5483870967741935
/usr/local/lib/python3.8/site-packages/torch/cuda/amp/grad_scaler.py:115: UserWarning: torch.cuda.amp.GradScaler is enabled, but CUDA is not available.  Disabling.
  warnings.warn("torch.cuda.amp.GradScaler is enabled, but CUDA is not available.  Disabling.")
/usr/local/lib/python3.8/site-packages/torch/autocast_mode.py:141: UserWarning: User provided device_type of 'cuda', but CUDA is not available. Disabling
  warnings.warn('User provided device_type of \'cuda\', but CUDA is not available. Disabling')
update data
end of predict
data length: 3649
ceshi!
update datasets maker
test datasets
Epoch 22 training time: 217.92 seconds
22 Accuracy on test set: 0.8527131782945736, recall: 0.627906976744186, precision: 0.9, f1: 0.7397260273972602
model save model_train!
Best accuracy on test set, epoch: 22, accuracy: 0.8527131782945736, recall: 0.627906976744186, precision: 0.9, f1: 0.7397260273972602
/usr/local/lib/python3.8/site-packages/torch/cuda/amp/grad_scaler.py:115: UserWarning: torch.cuda.amp.GradScaler is enabled, but CUDA is not available.  Disabling.
  warnings.warn("torch.cuda.amp.GradScaler is enabled, but CUDA is not available.  Disabling.")
/usr/local/lib/python3.8/site-packages/torch/autocast_mode.py:141: UserWarning: User provided device_type of 'cuda', but CUDA is not available. Disabling
  warnings.warn('User provided device_type of \'cuda\', but CUDA is not available. Disabling')
update data
end of predict
data length: 3649
ceshi!
update datasets maker
test datasets
Epoch 23 training time: 212.81 seconds
23 Accuracy on test set: 0.8217054263565892, recall: 0.6046511627906976, precision: 0.8125, f1: 0.6933333333333334
Best accuracy on test set, epoch: 22, accuracy: 0.8527131782945736, recall: 0.627906976744186, precision: 0.9, f1: 0.7397260273972602
/usr/local/lib/python3.8/site-packages/torch/cuda/amp/grad_scaler.py:115: UserWarning: torch.cuda.amp.GradScaler is enabled, but CUDA is not available.  Disabling.
  warnings.warn("torch.cuda.amp.GradScaler is enabled, but CUDA is not available.  Disabling.")
/usr/local/lib/python3.8/site-packages/torch/autocast_mode.py:141: UserWarning: User provided device_type of 'cuda', but CUDA is not available. Disabling
  warnings.warn('User provided device_type of \'cuda\', but CUDA is not available. Disabling')
update data
end of predict
data length: 3649
ceshi!
update datasets maker
test datasets
Epoch 24 training time: 219.89 seconds
24 Accuracy on test set: 0.8527131782945736, recall: 0.6744186046511628, precision: 0.8529411764705882, f1: 0.7532467532467532
model save model_train!
Best accuracy on test set, epoch: 24, accuracy: 0.8527131782945736, recall: 0.6744186046511628, precision: 0.8529411764705882, f1: 0.7532467532467532
/usr/local/lib/python3.8/site-packages/torch/cuda/amp/grad_scaler.py:115: UserWarning: torch.cuda.amp.GradScaler is enabled, but CUDA is not available.  Disabling.
  warnings.warn("torch.cuda.amp.GradScaler is enabled, but CUDA is not available.  Disabling.")
/usr/local/lib/python3.8/site-packages/torch/autocast_mode.py:141: UserWarning: User provided device_type of 'cuda', but CUDA is not available. Disabling
  warnings.warn('User provided device_type of \'cuda\', but CUDA is not available. Disabling')
update data
end of predict
data length: 3649
ceshi!
update datasets maker
test datasets
Epoch 25 training time: 218.41 seconds
25 Accuracy on test set: 0.8449612403100775, recall: 0.6976744186046512, precision: 0.8108108108108109, f1: 0.75
Best accuracy on test set, epoch: 24, accuracy: 0.8527131782945736, recall: 0.6744186046511628, precision: 0.8529411764705882, f1: 0.7532467532467532
/usr/local/lib/python3.8/site-packages/torch/cuda/amp/grad_scaler.py:115: UserWarning: torch.cuda.amp.GradScaler is enabled, but CUDA is not available.  Disabling.
  warnings.warn("torch.cuda.amp.GradScaler is enabled, but CUDA is not available.  Disabling.")
/usr/local/lib/python3.8/site-packages/torch/autocast_mode.py:141: UserWarning: User provided device_type of 'cuda', but CUDA is not available. Disabling
  warnings.warn('User provided device_type of \'cuda\', but CUDA is not available. Disabling')
update data
end of predict
data length: 3649
ceshi!
update datasets maker
test datasets
Epoch 26 training time: 205.56 seconds
26 Accuracy on test set: 0.7984496124031008, recall: 0.46511627906976744, precision: 0.8695652173913043, f1: 0.6060606060606061
Best accuracy on test set, epoch: 24, accuracy: 0.8527131782945736, recall: 0.6744186046511628, precision: 0.8529411764705882, f1: 0.7532467532467532
/usr/local/lib/python3.8/site-packages/torch/cuda/amp/grad_scaler.py:115: UserWarning: torch.cuda.amp.GradScaler is enabled, but CUDA is not available.  Disabling.
  warnings.warn("torch.cuda.amp.GradScaler is enabled, but CUDA is not available.  Disabling.")
/usr/local/lib/python3.8/site-packages/torch/autocast_mode.py:141: UserWarning: User provided device_type of 'cuda', but CUDA is not available. Disabling
  warnings.warn('User provided device_type of \'cuda\', but CUDA is not available. Disabling')
update data
end of predict
data length: 3649
ceshi!
update datasets maker
test datasets
Epoch 27 training time: 196.48 seconds
27 Accuracy on test set: 0.7829457364341085, recall: 0.37209302325581395, precision: 0.9411764705882353, f1: 0.5333333333333333
Best accuracy on test set, epoch: 24, accuracy: 0.8527131782945736, recall: 0.6744186046511628, precision: 0.8529411764705882, f1: 0.7532467532467532
/usr/local/lib/python3.8/site-packages/torch/cuda/amp/grad_scaler.py:115: UserWarning: torch.cuda.amp.GradScaler is enabled, but CUDA is not available.  Disabling.
  warnings.warn("torch.cuda.amp.GradScaler is enabled, but CUDA is not available.  Disabling.")
/usr/local/lib/python3.8/site-packages/torch/autocast_mode.py:141: UserWarning: User provided device_type of 'cuda', but CUDA is not available. Disabling
  warnings.warn('User provided device_type of \'cuda\', but CUDA is not available. Disabling')
update data
end of predict
data length: 3649
ceshi!
update datasets maker
test datasets
Epoch 28 training time: 208.37 seconds
28 Accuracy on test set: 0.7829457364341085, recall: 0.3488372093023256, precision: 1.0, f1: 0.5172413793103449
Best accuracy on test set, epoch: 24, accuracy: 0.8527131782945736, recall: 0.6744186046511628, precision: 0.8529411764705882, f1: 0.7532467532467532
/usr/local/lib/python3.8/site-packages/torch/cuda/amp/grad_scaler.py:115: UserWarning: torch.cuda.amp.GradScaler is enabled, but CUDA is not available.  Disabling.
  warnings.warn("torch.cuda.amp.GradScaler is enabled, but CUDA is not available.  Disabling.")
/usr/local/lib/python3.8/site-packages/torch/autocast_mode.py:141: UserWarning: User provided device_type of 'cuda', but CUDA is not available. Disabling
  warnings.warn('User provided device_type of \'cuda\', but CUDA is not available. Disabling')
update data
end of predict
data length: 3649
ceshi!
update datasets maker
test datasets
Epoch 29 training time: 216.90 seconds
29 Accuracy on test set: 0.8294573643410853, recall: 0.5116279069767442, precision: 0.9565217391304348, f1: 0.6666666666666667
Best accuracy on test set, epoch: 24, accuracy: 0.8527131782945736, recall: 0.6744186046511628, precision: 0.8529411764705882, f1: 0.7532467532467532
/usr/local/lib/python3.8/site-packages/torch/cuda/amp/grad_scaler.py:115: UserWarning: torch.cuda.amp.GradScaler is enabled, but CUDA is not available.  Disabling.
  warnings.warn("torch.cuda.amp.GradScaler is enabled, but CUDA is not available.  Disabling.")
/usr/local/lib/python3.8/site-packages/torch/autocast_mode.py:141: UserWarning: User provided device_type of 'cuda', but CUDA is not available. Disabling
  warnings.warn('User provided device_type of \'cuda\', but CUDA is not available. Disabling')
update data
end of predict
data length: 3649
ceshi!
update datasets maker
test datasets
Epoch 30 training time: 215.40 seconds
30 Accuracy on test set: 0.8217054263565892, recall: 0.5116279069767442, precision: 0.9166666666666666, f1: 0.6567164179104478
Best accuracy on test set, epoch: 24, accuracy: 0.8527131782945736, recall: 0.6744186046511628, precision: 0.8529411764705882, f1: 0.7532467532467532
/usr/local/lib/python3.8/site-packages/torch/cuda/amp/grad_scaler.py:115: UserWarning: torch.cuda.amp.GradScaler is enabled, but CUDA is not available.  Disabling.
  warnings.warn("torch.cuda.amp.GradScaler is enabled, but CUDA is not available.  Disabling.")
/usr/local/lib/python3.8/site-packages/torch/autocast_mode.py:141: UserWarning: User provided device_type of 'cuda', but CUDA is not available. Disabling
  warnings.warn('User provided device_type of \'cuda\', but CUDA is not available. Disabling')
update data
end of predict
data length: 3649
ceshi!
update datasets maker
test datasets
Epoch 31 training time: 212.39 seconds
31 Accuracy on test set: 0.8372093023255814, recall: 0.5348837209302325, precision: 0.9583333333333334, f1: 0.6865671641791045
Best accuracy on test set, epoch: 24, accuracy: 0.8527131782945736, recall: 0.6744186046511628, precision: 0.8529411764705882, f1: 0.7532467532467532
/usr/local/lib/python3.8/site-packages/torch/cuda/amp/grad_scaler.py:115: UserWarning: torch.cuda.amp.GradScaler is enabled, but CUDA is not available.  Disabling.
  warnings.warn("torch.cuda.amp.GradScaler is enabled, but CUDA is not available.  Disabling.")
/usr/local/lib/python3.8/site-packages/torch/autocast_mode.py:141: UserWarning: User provided device_type of 'cuda', but CUDA is not available. Disabling
  warnings.warn('User provided device_type of \'cuda\', but CUDA is not available. Disabling')
update data
end of predict
data length: 3649
ceshi!
update datasets maker
test datasets
Epoch 32 training time: 208.46 seconds
32 Accuracy on test set: 0.8682170542635659, recall: 0.6511627906976745, precision: 0.9333333333333333, f1: 0.767123287671233
model save model_train!
Best accuracy on test set, epoch: 32, accuracy: 0.8682170542635659, recall: 0.6511627906976745, precision: 0.9333333333333333, f1: 0.767123287671233
/usr/local/lib/python3.8/site-packages/torch/cuda/amp/grad_scaler.py:115: UserWarning: torch.cuda.amp.GradScaler is enabled, but CUDA is not available.  Disabling.
  warnings.warn("torch.cuda.amp.GradScaler is enabled, but CUDA is not available.  Disabling.")
/usr/local/lib/python3.8/site-packages/torch/autocast_mode.py:141: UserWarning: User provided device_type of 'cuda', but CUDA is not available. Disabling
  warnings.warn('User provided device_type of \'cuda\', but CUDA is not available. Disabling')
update data
end of predict
data length: 3649
ceshi!
update datasets maker
test datasets
Epoch 33 training time: 212.55 seconds
33 Accuracy on test set: 0.8682170542635659, recall: 0.7441860465116279, precision: 0.8421052631578947, f1: 0.7901234567901234
model save model_train!
Best accuracy on test set, epoch: 33, accuracy: 0.8682170542635659, recall: 0.7441860465116279, precision: 0.8421052631578947, f1: 0.7901234567901234
/usr/local/lib/python3.8/site-packages/torch/cuda/amp/grad_scaler.py:115: UserWarning: torch.cuda.amp.GradScaler is enabled, but CUDA is not available.  Disabling.
  warnings.warn("torch.cuda.amp.GradScaler is enabled, but CUDA is not available.  Disabling.")
/usr/local/lib/python3.8/site-packages/torch/autocast_mode.py:141: UserWarning: User provided device_type of 'cuda', but CUDA is not available. Disabling
  warnings.warn('User provided device_type of \'cuda\', but CUDA is not available. Disabling')
update data
end of predict
data length: 3649
ceshi!
update datasets maker
test datasets
Epoch 34 training time: 210.22 seconds
34 Accuracy on test set: 0.8604651162790697, recall: 0.7441860465116279, precision: 0.8205128205128205, f1: 0.7804878048780488
Best accuracy on test set, epoch: 33, accuracy: 0.8682170542635659, recall: 0.7441860465116279, precision: 0.8421052631578947, f1: 0.7901234567901234
/usr/local/lib/python3.8/site-packages/torch/cuda/amp/grad_scaler.py:115: UserWarning: torch.cuda.amp.GradScaler is enabled, but CUDA is not available.  Disabling.
  warnings.warn("torch.cuda.amp.GradScaler is enabled, but CUDA is not available.  Disabling.")
/usr/local/lib/python3.8/site-packages/torch/autocast_mode.py:141: UserWarning: User provided device_type of 'cuda', but CUDA is not available. Disabling
  warnings.warn('User provided device_type of \'cuda\', but CUDA is not available. Disabling')
update data
end of predict
data length: 3649
ceshi!
update datasets maker
test datasets
Epoch 35 training time: 208.95 seconds
35 Accuracy on test set: 0.8527131782945736, recall: 0.7441860465116279, precision: 0.8, f1: 0.7710843373493975
Best accuracy on test set, epoch: 33, accuracy: 0.8682170542635659, recall: 0.7441860465116279, precision: 0.8421052631578947, f1: 0.7901234567901234
/usr/local/lib/python3.8/site-packages/torch/cuda/amp/grad_scaler.py:115: UserWarning: torch.cuda.amp.GradScaler is enabled, but CUDA is not available.  Disabling.
  warnings.warn("torch.cuda.amp.GradScaler is enabled, but CUDA is not available.  Disabling.")
/usr/local/lib/python3.8/site-packages/torch/autocast_mode.py:141: UserWarning: User provided device_type of 'cuda', but CUDA is not available. Disabling
  warnings.warn('User provided device_type of \'cuda\', but CUDA is not available. Disabling')
update data
end of predict
data length: 3649
ceshi!
update datasets maker
test datasets
Epoch 36 training time: 209.00 seconds
36 Accuracy on test set: 0.8604651162790697, recall: 0.6976744186046512, precision: 0.8571428571428571, f1: 0.7692307692307693
Best accuracy on test set, epoch: 33, accuracy: 0.8682170542635659, recall: 0.7441860465116279, precision: 0.8421052631578947, f1: 0.7901234567901234
/usr/local/lib/python3.8/site-packages/torch/cuda/amp/grad_scaler.py:115: UserWarning: torch.cuda.amp.GradScaler is enabled, but CUDA is not available.  Disabling.
  warnings.warn("torch.cuda.amp.GradScaler is enabled, but CUDA is not available.  Disabling.")
/usr/local/lib/python3.8/site-packages/torch/autocast_mode.py:141: UserWarning: User provided device_type of 'cuda', but CUDA is not available. Disabling
  warnings.warn('User provided device_type of \'cuda\', but CUDA is not available. Disabling')
update data
end of predict
data length: 3649
ceshi!
update datasets maker
test datasets
Epoch 37 training time: 210.48 seconds
37 Accuracy on test set: 0.8062015503875969, recall: 0.7674418604651163, precision: 0.6875, f1: 0.7252747252747254
Best accuracy on test set, epoch: 33, accuracy: 0.8682170542635659, recall: 0.7441860465116279, precision: 0.8421052631578947, f1: 0.7901234567901234
/usr/local/lib/python3.8/site-packages/torch/cuda/amp/grad_scaler.py:115: UserWarning: torch.cuda.amp.GradScaler is enabled, but CUDA is not available.  Disabling.
  warnings.warn("torch.cuda.amp.GradScaler is enabled, but CUDA is not available.  Disabling.")
/usr/local/lib/python3.8/site-packages/torch/autocast_mode.py:141: UserWarning: User provided device_type of 'cuda', but CUDA is not available. Disabling
  warnings.warn('User provided device_type of \'cuda\', but CUDA is not available. Disabling')
update data
end of predict
data length: 3649
ceshi!
update datasets maker
test datasets
Epoch 38 training time: 210.97 seconds
38 Accuracy on test set: 0.8449612403100775, recall: 0.7674418604651163, precision: 0.7674418604651163, f1: 0.7674418604651162
Best accuracy on test set, epoch: 33, accuracy: 0.8682170542635659, recall: 0.7441860465116279, precision: 0.8421052631578947, f1: 0.7901234567901234
/usr/local/lib/python3.8/site-packages/torch/cuda/amp/grad_scaler.py:115: UserWarning: torch.cuda.amp.GradScaler is enabled, but CUDA is not available.  Disabling.
  warnings.warn("torch.cuda.amp.GradScaler is enabled, but CUDA is not available.  Disabling.")
/usr/local/lib/python3.8/site-packages/torch/autocast_mode.py:141: UserWarning: User provided device_type of 'cuda', but CUDA is not available. Disabling
  warnings.warn('User provided device_type of \'cuda\', but CUDA is not available. Disabling')
update data
end of predict
data length: 3649
ceshi!
update datasets maker
test datasets
Epoch 39 training time: 211.11 seconds
39 Accuracy on test set: 0.8372093023255814, recall: 0.7209302325581395, precision: 0.775, f1: 0.7469879518072289
Best accuracy on test set, epoch: 33, accuracy: 0.8682170542635659, recall: 0.7441860465116279, precision: 0.8421052631578947, f1: 0.7901234567901234
/usr/local/lib/python3.8/site-packages/torch/cuda/amp/grad_scaler.py:115: UserWarning: torch.cuda.amp.GradScaler is enabled, but CUDA is not available.  Disabling.
  warnings.warn("torch.cuda.amp.GradScaler is enabled, but CUDA is not available.  Disabling.")
/usr/local/lib/python3.8/site-packages/torch/autocast_mode.py:141: UserWarning: User provided device_type of 'cuda', but CUDA is not available. Disabling
  warnings.warn('User provided device_type of \'cuda\', but CUDA is not available. Disabling')
update data
end of predict
data length: 3649
ceshi!
update datasets maker
test datasets
Epoch 40 training time: 221.77 seconds
40 Accuracy on test set: 0.8604651162790697, recall: 0.6744186046511628, precision: 0.8787878787878788, f1: 0.7631578947368421
Best accuracy on test set, epoch: 33, accuracy: 0.8682170542635659, recall: 0.7441860465116279, precision: 0.8421052631578947, f1: 0.7901234567901234
/usr/local/lib/python3.8/site-packages/torch/cuda/amp/grad_scaler.py:115: UserWarning: torch.cuda.amp.GradScaler is enabled, but CUDA is not available.  Disabling.
  warnings.warn("torch.cuda.amp.GradScaler is enabled, but CUDA is not available.  Disabling.")
/usr/local/lib/python3.8/site-packages/torch/autocast_mode.py:141: UserWarning: User provided device_type of 'cuda', but CUDA is not available. Disabling
  warnings.warn('User provided device_type of \'cuda\', but CUDA is not available. Disabling')
update data
end of predict
data length: 3649
ceshi!
update datasets maker
test datasets
Epoch 41 training time: 226.60 seconds
41 Accuracy on test set: 0.8449612403100775, recall: 0.7441860465116279, precision: 0.7804878048780488, f1: 0.761904761904762
Best accuracy on test set, epoch: 33, accuracy: 0.8682170542635659, recall: 0.7441860465116279, precision: 0.8421052631578947, f1: 0.7901234567901234
/usr/local/lib/python3.8/site-packages/torch/cuda/amp/grad_scaler.py:115: UserWarning: torch.cuda.amp.GradScaler is enabled, but CUDA is not available.  Disabling.
  warnings.warn("torch.cuda.amp.GradScaler is enabled, but CUDA is not available.  Disabling.")
/usr/local/lib/python3.8/site-packages/torch/autocast_mode.py:141: UserWarning: User provided device_type of 'cuda', but CUDA is not available. Disabling
  warnings.warn('User provided device_type of \'cuda\', but CUDA is not available. Disabling')
update data
end of predict
data length: 3649
ceshi!
update datasets maker
test datasets
Epoch 42 training time: 219.86 seconds
42 Accuracy on test set: 0.8449612403100775, recall: 0.7441860465116279, precision: 0.7804878048780488, f1: 0.761904761904762
Best accuracy on test set, epoch: 33, accuracy: 0.8682170542635659, recall: 0.7441860465116279, precision: 0.8421052631578947, f1: 0.7901234567901234
/usr/local/lib/python3.8/site-packages/torch/cuda/amp/grad_scaler.py:115: UserWarning: torch.cuda.amp.GradScaler is enabled, but CUDA is not available.  Disabling.
  warnings.warn("torch.cuda.amp.GradScaler is enabled, but CUDA is not available.  Disabling.")
/usr/local/lib/python3.8/site-packages/torch/autocast_mode.py:141: UserWarning: User provided device_type of 'cuda', but CUDA is not available. Disabling
  warnings.warn('User provided device_type of \'cuda\', but CUDA is not available. Disabling')
update data
end of predict
data length: 3649
ceshi!
update datasets maker
test datasets
Epoch 43 training time: 219.42 seconds
43 Accuracy on test set: 0.7906976744186046, recall: 0.7906976744186046, precision: 0.6538461538461539, f1: 0.7157894736842104
Best accuracy on test set, epoch: 33, accuracy: 0.8682170542635659, recall: 0.7441860465116279, precision: 0.8421052631578947, f1: 0.7901234567901234
/usr/local/lib/python3.8/site-packages/torch/cuda/amp/grad_scaler.py:115: UserWarning: torch.cuda.amp.GradScaler is enabled, but CUDA is not available.  Disabling.
  warnings.warn("torch.cuda.amp.GradScaler is enabled, but CUDA is not available.  Disabling.")
/usr/local/lib/python3.8/site-packages/torch/autocast_mode.py:141: UserWarning: User provided device_type of 'cuda', but CUDA is not available. Disabling
  warnings.warn('User provided device_type of \'cuda\', but CUDA is not available. Disabling')
update data
end of predict
data length: 3649
ceshi!
update datasets maker
test datasets
Epoch 44 training time: 218.88 seconds
44 Accuracy on test set: 0.7906976744186046, recall: 0.813953488372093, precision: 0.6481481481481481, f1: 0.7216494845360826
Best accuracy on test set, epoch: 33, accuracy: 0.8682170542635659, recall: 0.7441860465116279, precision: 0.8421052631578947, f1: 0.7901234567901234
/usr/local/lib/python3.8/site-packages/torch/cuda/amp/grad_scaler.py:115: UserWarning: torch.cuda.amp.GradScaler is enabled, but CUDA is not available.  Disabling.
  warnings.warn("torch.cuda.amp.GradScaler is enabled, but CUDA is not available.  Disabling.")
/usr/local/lib/python3.8/site-packages/torch/autocast_mode.py:141: UserWarning: User provided device_type of 'cuda', but CUDA is not available. Disabling
  warnings.warn('User provided device_type of \'cuda\', but CUDA is not available. Disabling')
update data
end of predict
data length: 3649
ceshi!
update datasets maker
test datasets
Epoch 45 training time: 212.83 seconds
45 Accuracy on test set: 0.813953488372093, recall: 0.4883720930232558, precision: 0.9130434782608695, f1: 0.6363636363636364
Best accuracy on test set, epoch: 33, accuracy: 0.8682170542635659, recall: 0.7441860465116279, precision: 0.8421052631578947, f1: 0.7901234567901234
/usr/local/lib/python3.8/site-packages/torch/cuda/amp/grad_scaler.py:115: UserWarning: torch.cuda.amp.GradScaler is enabled, but CUDA is not available.  Disabling.
  warnings.warn("torch.cuda.amp.GradScaler is enabled, but CUDA is not available.  Disabling.")
/usr/local/lib/python3.8/site-packages/torch/autocast_mode.py:141: UserWarning: User provided device_type of 'cuda', but CUDA is not available. Disabling
  warnings.warn('User provided device_type of \'cuda\', but CUDA is not available. Disabling')
update data
end of predict
data length: 3649
ceshi!
update datasets maker
test datasets
Epoch 46 training time: 214.50 seconds
46 Accuracy on test set: 0.8294573643410853, recall: 0.5116279069767442, precision: 0.9565217391304348, f1: 0.6666666666666667
Best accuracy on test set, epoch: 33, accuracy: 0.8682170542635659, recall: 0.7441860465116279, precision: 0.8421052631578947, f1: 0.7901234567901234
/usr/local/lib/python3.8/site-packages/torch/cuda/amp/grad_scaler.py:115: UserWarning: torch.cuda.amp.GradScaler is enabled, but CUDA is not available.  Disabling.
  warnings.warn("torch.cuda.amp.GradScaler is enabled, but CUDA is not available.  Disabling.")
/usr/local/lib/python3.8/site-packages/torch/autocast_mode.py:141: UserWarning: User provided device_type of 'cuda', but CUDA is not available. Disabling
  warnings.warn('User provided device_type of \'cuda\', but CUDA is not available. Disabling')
update data
end of predict
data length: 3649
ceshi!
update datasets maker
test datasets
Epoch 47 training time: 214.76 seconds
47 Accuracy on test set: 0.8217054263565892, recall: 0.7209302325581395, precision: 0.7380952380952381, f1: 0.7294117647058824
Best accuracy on test set, epoch: 33, accuracy: 0.8682170542635659, recall: 0.7441860465116279, precision: 0.8421052631578947, f1: 0.7901234567901234
/usr/local/lib/python3.8/site-packages/torch/cuda/amp/grad_scaler.py:115: UserWarning: torch.cuda.amp.GradScaler is enabled, but CUDA is not available.  Disabling.
  warnings.warn("torch.cuda.amp.GradScaler is enabled, but CUDA is not available.  Disabling.")
/usr/local/lib/python3.8/site-packages/torch/autocast_mode.py:141: UserWarning: User provided device_type of 'cuda', but CUDA is not available. Disabling
  warnings.warn('User provided device_type of \'cuda\', but CUDA is not available. Disabling')
update data
end of predict
data length: 3649
ceshi!
update datasets maker
test datasets
Epoch 48 training time: 213.00 seconds
48 Accuracy on test set: 0.8527131782945736, recall: 0.7674418604651163, precision: 0.7857142857142857, f1: 0.7764705882352941
Best accuracy on test set, epoch: 33, accuracy: 0.8682170542635659, recall: 0.7441860465116279, precision: 0.8421052631578947, f1: 0.7901234567901234
/usr/local/lib/python3.8/site-packages/torch/cuda/amp/grad_scaler.py:115: UserWarning: torch.cuda.amp.GradScaler is enabled, but CUDA is not available.  Disabling.
  warnings.warn("torch.cuda.amp.GradScaler is enabled, but CUDA is not available.  Disabling.")
/usr/local/lib/python3.8/site-packages/torch/autocast_mode.py:141: UserWarning: User provided device_type of 'cuda', but CUDA is not available. Disabling
  warnings.warn('User provided device_type of \'cuda\', but CUDA is not available. Disabling')
update data
end of predict
data length: 3649
ceshi!
update datasets maker
test datasets
Epoch 49 training time: 211.49 seconds
49 Accuracy on test set: 0.8604651162790697, recall: 0.7441860465116279, precision: 0.8205128205128205, f1: 0.7804878048780488
Best accuracy on test set, epoch: 33, accuracy: 0.8682170542635659, recall: 0.7441860465116279, precision: 0.8421052631578947, f1: 0.7901234567901234